[debug] [2022-10-06T13:25:42.072Z] ----------------------------------------------------------------------
[debug] [2022-10-06T13:25:42.074Z] Command:       C:\Program Files\nodejs\node.exe C:\Users\jotar\AppData\Roaming\npm\node_modules\firebase-tools\lib\bin\firebase.js init
[debug] [2022-10-06T13:25:42.074Z] CLI Version:   11.14.0
[debug] [2022-10-06T13:25:42.074Z] Platform:      win32
[debug] [2022-10-06T13:25:42.074Z] Node Version:  v14.18.1
[debug] [2022-10-06T13:25:42.075Z] Time:          Thu Oct 06 2022 10:25:42 GMT-0300 (hora de verano de Chile)
[debug] [2022-10-06T13:25:42.075Z] ----------------------------------------------------------------------
[debug] 
[debug] [2022-10-06T13:25:42.132Z] > command requires scopes: ["email","openid","https://www.googleapis.com/auth/cloudplatformprojects.readonly","https://www.googleapis.com/auth/firebase","https://www.googleapis.com/auth/cloud-platform"]
[debug] [2022-10-06T13:25:42.132Z] > authorizing via signed-in user (dobleofficial@gmail.com)
[info] 
     ######## #### ########  ######## ########     ###     ######  ########
     ##        ##  ##     ## ##       ##     ##  ##   ##  ##       ##
     ######    ##  ########  ######   ########  #########  ######  ######
     ##        ##  ##    ##  ##       ##     ## ##     ##       ## ##
     ##       #### ##     ## ######## ########  ##     ##  ######  ########

You're about to initialize a Firebase project in this directory:

  C:\Users\jotar\OneDrive\Documentos\REdux\redux-ingreso-egreso-2.0.0

Before we get started, keep in mind:

  * You are initializing within an existing Firebase project directory

[info] 
=== Project Setup
[info] 
[info] First, let's associate this project directory with a Firebase project.
[info] You can create multiple project aliases by running firebase use --add, 
[info] but for now we'll just set up a default project.
[info] 
[debug] [2022-10-06T13:25:49.761Z] >>> [apiv2][query] GET https://firebase.googleapis.com/v1beta1/projects pageSize=100
[debug] [2022-10-06T13:25:50.359Z] <<< [apiv2][status] GET https://firebase.googleapis.com/v1beta1/projects 200
[debug] [2022-10-06T13:25:50.359Z] <<< [apiv2][body] GET https://firebase.googleapis.com/v1beta1/projects [omitted]
[info] i  Using project ingreso-egreso-app-e36eb (ingreso-egreso-app) 
[info] 
=== Hosting Setup
[info] 
[info] Your public directory is the folder (relative to your project directory) that
[info] will contain Hosting assets to be uploaded with firebase deploy. If you
[info] have a build process for your assets, use your build's output directory.
[info] 
[debug] [2022-10-06T13:27:28.921Z] ----------------------------------------------------------------------
[debug] [2022-10-06T13:27:28.922Z] Command:       C:\Program Files\nodejs\node.exe C:\Users\jotar\AppData\Roaming\npm\node_modules\firebase-tools\lib\bin\firebase.js init
[debug] [2022-10-06T13:27:28.923Z] CLI Version:   11.14.0
[debug] [2022-10-06T13:27:28.923Z] Platform:      win32
[debug] [2022-10-06T13:27:28.923Z] Node Version:  v14.18.1
[debug] [2022-10-06T13:27:28.924Z] Time:          Thu Oct 06 2022 10:27:28 GMT-0300 (hora de verano de Chile)
[debug] [2022-10-06T13:27:28.924Z] ----------------------------------------------------------------------
[debug] 
[debug] [2022-10-06T13:27:28.981Z] > command requires scopes: ["email","openid","https://www.googleapis.com/auth/cloudplatformprojects.readonly","https://www.googleapis.com/auth/firebase","https://www.googleapis.com/auth/cloud-platform"]
[debug] [2022-10-06T13:27:28.981Z] > authorizing via signed-in user (dobleofficial@gmail.com)
[info] 
     ######## #### ########  ######## ########     ###     ######  ########
     ##        ##  ##     ## ##       ##     ##  ##   ##  ##       ##
     ######    ##  ########  ######   ########  #########  ######  ######
     ##        ##  ##    ##  ##       ##     ## ##     ##       ## ##
     ##       #### ##     ## ######## ########  ##     ##  ######  ########

You're about to initialize a Firebase project in this directory:

  C:\Users\jotar\OneDrive\Documentos\REdux\redux-ingreso-egreso-2.0.0

Before we get started, keep in mind:

  * You are initializing within an existing Firebase project directory

[info] 
=== Project Setup
[info] 
[info] First, let's associate this project directory with a Firebase project.
[info] You can create multiple project aliases by running firebase use --add, 
[info] but for now we'll just set up a default project.
[info] 
[debug] [2022-10-06T13:27:34.083Z] Using project from CLI flag: ingreso-egreso-app-e36eb
[debug] [2022-10-06T13:27:34.085Z] >>> [apiv2][query] GET https://firebase.googleapis.com/v1beta1/projects/ingreso-egreso-app-e36eb [none]
[debug] [2022-10-06T13:27:35.052Z] <<< [apiv2][status] GET https://firebase.googleapis.com/v1beta1/projects/ingreso-egreso-app-e36eb 200
[debug] [2022-10-06T13:27:35.053Z] <<< [apiv2][body] GET https://firebase.googleapis.com/v1beta1/projects/ingreso-egreso-app-e36eb {"projectId":"ingreso-egreso-app-e36eb","projectNumber":"749163510124","displayName":"ingreso-egreso-app","name":"projects/ingreso-egreso-app-e36eb","resources":{"hostingSite":"ingreso-egreso-app-e36eb","storageBucket":"ingreso-egreso-app-e36eb.appspot.com","locationId":"us-central"},"state":"ACTIVE","etag":"1_5e80ceb0-8ab9-4df7-b4d7-0ff3ac07d6e2"}
[info] i  Using project ingreso-egreso-app-e36eb (ingreso-egreso-app) 
[info] 
=== Hosting Setup
[info] 
[info] Your public directory is the folder (relative to your project directory) that
[info] will contain Hosting assets to be uploaded with firebase deploy. If you
[info] have a build process for your assets, use your build's output directory.
[info] 
[debug] [2022-10-06T13:28:00.757Z] >>> [apiv2][query] GET https://www.gstatic.com/firebasejs/releases.json [none]
[debug] [2022-10-06T13:28:00.837Z] <<< [apiv2][status] GET https://www.gstatic.com/firebasejs/releases.json 200
[debug] [2022-10-06T13:28:00.837Z] <<< [apiv2][body] GET https://www.gstatic.com/firebasejs/releases.json {"current":{"version":"9.10.0","browserURL":"https://www.gstatic.com/firebasejs/9.10.0/firebase.js","packageURL":"https://www.gstatic.com/firebasejs/9.10.0/firebase.tgz"},"live":{"version":"9.10","browserURL":"https://www.gstatic.com/firebasejs/live/9.10/firebase.js","packageURL":"https://www.gstatic.com/firebasejs/live/9.10/firebase.tgz"},"components":{"analytics":"https://www.gstatic.com/firebasejs/9.10.0/firebase-analytics.js","app":"https://www.gstatic.com/firebasejs/9.10.0/firebase-app.js","app-check":"https://www.gstatic.com/firebasejs/9.10.0/firebase-app-check.js","auth":"https://www.gstatic.com/firebasejs/9.10.0/firebase-auth.js","auth/cordova":"https://www.gstatic.com/firebasejs/9.10.0/firebase-auth/cordova.js","auth/react-native":"https://www.gstatic.com/firebasejs/9.10.0/firebase-auth/react-native.js","functions":"https://www.gstatic.com/firebasejs/9.10.0/firebase-functions.js","firestore":"https://www.gstatic.com/firebasejs/9.10.0/firebase-firestore.js","firestore/lite":"https://www.gstatic.com/firebasejs/9.10.0/firebase-firestore/lite.js","installations":"https://www.gstatic.com/firebasejs/9.10.0/firebase-installations.js","storage":"https://www.gstatic.com/firebasejs/9.10.0/firebase-storage.js","performance":"https://www.gstatic.com/firebasejs/9.10.0/firebase-performance.js","remote-config":"https://www.gstatic.com/firebasejs/9.10.0/firebase-remote-config.js","messaging":"https://www.gstatic.com/firebasejs/9.10.0/firebase-messaging.js","messaging/sw":"https://www.gstatic.com/firebasejs/9.10.0/firebase-messaging/sw.js","database":"https://www.gstatic.com/firebasejs/9.10.0/firebase-database.js","firestore.memory":"https://www.gstatic.com/firebasejs/9.10.0/firebase-firestore.memory.js"}}
[info] +  Wrote dist/index.html 
[info] 
[info] i  Didn't detect a .git folder. Assuming C:\Users\jotar\OneDrive\Documentos\REdux\redux-ingreso-egreso-2.0.0 is the project root. 
[info] i  Authorizing with GitHub to upload your service account to a GitHub repository's secrets store. 
[info] 
[info] Visit this URL on this device to log in:
[info] https://github.com/login/oauth/authorize?client_id=89cf50f02ac6aaed3484&state=942067159&redirect_uri=http%3A%2F%2Flocalhost%3A9005&scope=read%3Auser%20repo%20public_repo
[info] 
[info] Waiting for authentication...
[debug] [2022-10-06T13:28:09.729Z] >>> [apiv2][query] POST https://github.com/login/oauth/access_token [none]
[debug] [2022-10-06T13:28:09.730Z] >>> [apiv2][body] POST https://github.com/login/oauth/access_token [stream]
[debug] [2022-10-06T13:28:10.196Z] <<< [apiv2][status] POST https://github.com/login/oauth/access_token 200
[debug] [2022-10-06T13:28:10.196Z] <<< [apiv2][body] POST https://github.com/login/oauth/access_token {"access_token":"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","token_type":"bearer","scope":"read:user,repo"}
[debug] [2022-10-06T13:28:10.201Z] >>> [apiv2][query] GET https://api.github.com/user [none]
[debug] [2022-10-06T13:28:10.672Z] <<< [apiv2][status] GET https://api.github.com/user 200
[debug] [2022-10-06T13:28:10.672Z] <<< [apiv2][body] GET https://api.github.com/user {"login":"jotarredondo","id":67427167,"node_id":"MDQ6VXNlcjY3NDI3MTY3","avatar_url":"https://avatars.githubusercontent.com/u/67427167?v=4","gravatar_id":"","url":"https://api.github.com/users/jotarredondo","html_url":"https://github.com/jotarredondo","followers_url":"https://api.github.com/users/jotarredondo/followers","following_url":"https://api.github.com/users/jotarredondo/following{/other_user}","gists_url":"https://api.github.com/users/jotarredondo/gists{/gist_id}","starred_url":"https://api.github.com/users/jotarredondo/starred{/owner}{/repo}","subscriptions_url":"https://api.github.com/users/jotarredondo/subscriptions","organizations_url":"https://api.github.com/users/jotarredondo/orgs","repos_url":"https://api.github.com/users/jotarredondo/repos","events_url":"https://api.github.com/users/jotarredondo/events{/privacy}","received_events_url":"https://api.github.com/users/jotarredondo/received_events","type":"User","site_admin":false,"name":null,"company":null,"blog":"","location":null,"email":null,"hireable":null,"bio":null,"twitter_username":null,"public_repos":22,"public_gists":0,"followers":3,"following":7,"created_at":"2020-06-25T14:31:45Z","updated_at":"2022-09-08T16:11:06Z","private_gists":0,"total_private_repos":0,"owned_private_repos":0,"disk_usage":37850,"collaborators":0,"two_factor_authentication":false,"plan":{"name":"free","space":976562499,"collaborators":0,"private_repos":10000}}
[info] 
[info] +  Success! Logged into GitHub as jotarredondo 
[info] 
[debug] [2022-10-06T13:35:00.854Z] >>> [apiv2][query] GET https://api.github.com/repos/jotarredondo/ingreso-egreso/actions/secrets/public-key type=owner
[debug] [2022-10-06T13:35:01.272Z] <<< [apiv2][status] GET https://api.github.com/repos/jotarredondo/ingreso-egreso/actions/secrets/public-key 404
[debug] [2022-10-06T13:35:01.272Z] <<< [apiv2][body] GET https://api.github.com/repos/jotarredondo/ingreso-egreso/actions/secrets/public-key {"message":"Not Found","documentation_url":"https://docs.github.com/rest/reference/actions#get-a-repository-public-key"}
[debug] [2022-10-06T13:35:06.574Z] >>> [apiv2][query] GET https://api.github.com/repos/jotarredondo/ingreso-egreso/actions/secrets/public-key type=owner
[debug] [2022-10-06T13:35:06.990Z] <<< [apiv2][status] GET https://api.github.com/repos/jotarredondo/ingreso-egreso/actions/secrets/public-key 404
[debug] [2022-10-06T13:35:06.990Z] <<< [apiv2][body] GET https://api.github.com/repos/jotarredondo/ingreso-egreso/actions/secrets/public-key {"message":"Not Found","documentation_url":"https://docs.github.com/rest/reference/actions#get-a-repository-public-key"}
[debug] [2022-10-06T13:35:08.365Z] >>> [apiv2][query] GET https://api.github.com/repos/jotarredondo/ingreso-egreso/actions/secrets/public-key type=owner
[debug] [2022-10-06T13:35:08.761Z] <<< [apiv2][status] GET https://api.github.com/repos/jotarredondo/ingreso-egreso/actions/secrets/public-key 404
[debug] [2022-10-06T13:35:08.761Z] <<< [apiv2][body] GET https://api.github.com/repos/jotarredondo/ingreso-egreso/actions/secrets/public-key {"message":"Not Found","documentation_url":"https://docs.github.com/rest/reference/actions#get-a-repository-public-key"}
